<?xml version="1.0" encoding="UTF-8"?>
<!-- Generated by org.testng.reporters.JUnitReportReporter -->
<testsuite hostname="W2027491" failures="0" tests="2" name="TestRunner.TestNgRunner" time="23.859" errors="0" timestamp="2024-02-14T23:48:45 IST" skipped="0">
  <testcase classname="TestRunner.TestNgRunner" name="runScenario" time="9.688"/>
  <testcase classname="TestRunner.TestNgRunner" name="runScenario" time="14.171"/>
</testsuite> <!-- TestRunner.TestNgRunner -->
